<?xml version='1.0' encoding='UTF-8'?>
<testsuite hostname="DESKTOP-LDU5TU7" name="TestUnit" tests="3" errors="0" failures="0" time="2.558">
                <properties>
[...]
</properties>
                <testcase classname="TestUnit" name="registration" time="2.286"> 
                    </testcase><testcase classname="TestUnit" name="emailAvailable" time="0.136"> 
                    </testcase><testcase classname="TestUnit" name="noteCheck" time="0.136"> 
                    </testcase>
                <system-out></system-out>
                <system-err></system-err>
                </testsuite>